<?xml version="1.0" encoding="UTF-8"?>
<testsuite name="backend.service.ReviewServiceTest" tests="5" skipped="0" failures="0" errors="0" timestamp="2020-04-23T16:16:19" hostname="omaxxx-HP-Notebook" time="0.156">
  <properties/>
  <testcase name="addReviewTest()" classname="backend.service.ReviewServiceTest" time="0.103"/>
  <testcase name="getBySellerIdTest()" classname="backend.service.ReviewServiceTest" time="0.007"/>
  <testcase name="deleteByUserIdAndIdTest()" classname="backend.service.ReviewServiceTest" time="0.007"/>
  <testcase name="getAllReviewTest()" classname="backend.service.ReviewServiceTest" time="0.007"/>
  <testcase name="updateReviewTest()" classname="backend.service.ReviewServiceTest" time="0.019"/>
  <system-out><![CDATA[00:16:17.487 [Test worker] DEBUG org.springframework.test.context.BootstrapUtils - Instantiating CacheAwareContextLoaderDelegate from class [org.springframework.test.context.cache.DefaultCacheAwareContextLoaderDelegate]
00:16:17.516 [Test worker] DEBUG org.springframework.test.context.BootstrapUtils - Instantiating BootstrapContext using constructor [public org.springframework.test.context.support.DefaultBootstrapContext(java.lang.Class,org.springframework.test.context.CacheAwareContextLoaderDelegate)]
00:16:17.566 [Test worker] DEBUG org.springframework.test.context.BootstrapUtils - Instantiating TestContextBootstrapper for test class [backend.service.ReviewServiceTest] from class [org.springframework.boot.test.context.SpringBootTestContextBootstrapper]
00:16:17.586 [Test worker] INFO org.springframework.boot.test.context.SpringBootTestContextBootstrapper - Neither @ContextConfiguration nor @ContextHierarchy found for test class [backend.service.ReviewServiceTest], using SpringBootContextLoader
00:16:17.591 [Test worker] DEBUG org.springframework.test.context.support.AbstractContextLoader - Did not detect default resource location for test class [backend.service.ReviewServiceTest]: class path resource [backend/service/ReviewServiceTest-context.xml] does not exist
00:16:17.591 [Test worker] DEBUG org.springframework.test.context.support.AbstractContextLoader - Did not detect default resource location for test class [backend.service.ReviewServiceTest]: class path resource [backend/service/ReviewServiceTestContext.groovy] does not exist
00:16:17.592 [Test worker] INFO org.springframework.test.context.support.AbstractContextLoader - Could not detect default resource locations for test class [backend.service.ReviewServiceTest]: no resource found for suffixes {-context.xml, Context.groovy}.
00:16:17.681 [Test worker] DEBUG org.springframework.test.context.support.ActiveProfilesUtils - Could not find an 'annotation declaring class' for annotation type [org.springframework.test.context.ActiveProfiles] and class [backend.service.ReviewServiceTest]
00:16:17.803 [Test worker] DEBUG org.springframework.boot.test.context.SpringBootTestContextBootstrapper - @TestExecutionListeners is not present for class [backend.service.ReviewServiceTest]: using defaults.
00:16:17.804 [Test worker] INFO org.springframework.boot.test.context.SpringBootTestContextBootstrapper - Loaded default TestExecutionListener class names from location [META-INF/spring.factories]: [org.springframework.boot.test.autoconfigure.restdocs.RestDocsTestExecutionListener, org.springframework.boot.test.autoconfigure.web.client.MockRestServiceServerResetTestExecutionListener, org.springframework.boot.test.autoconfigure.web.servlet.MockMvcPrintOnlyOnFailureTestExecutionListener, org.springframework.boot.test.autoconfigure.web.servlet.WebDriverTestExecutionListener, org.springframework.boot.test.mock.mockito.MockitoTestExecutionListener, org.springframework.boot.test.mock.mockito.ResetMocksTestExecutionListener, org.springframework.test.context.web.ServletTestExecutionListener, org.springframework.test.context.support.DirtiesContextBeforeModesTestExecutionListener, org.springframework.test.context.support.DependencyInjectionTestExecutionListener, org.springframework.test.context.support.DirtiesContextTestExecutionListener, org.springframework.test.context.transaction.TransactionalTestExecutionListener, org.springframework.test.context.jdbc.SqlScriptsTestExecutionListener, org.springframework.test.context.event.EventPublishingTestExecutionListener]
00:16:17.827 [Test worker] INFO org.springframework.boot.test.context.SpringBootTestContextBootstrapper - Using TestExecutionListeners: [org.springframework.test.context.web.ServletTestExecutionListener@3c9ab9f8, org.springframework.test.context.support.DirtiesContextBeforeModesTestExecutionListener@30bcd8bc, org.springframework.boot.test.mock.mockito.MockitoTestExecutionListener@48d9bf0, org.springframework.boot.test.autoconfigure.SpringBootDependencyInjectionTestExecutionListener@7c3bf315, org.springframework.test.context.support.DirtiesContextTestExecutionListener@1587d013, org.springframework.test.context.transaction.TransactionalTestExecutionListener@43288327, org.springframework.test.context.jdbc.SqlScriptsTestExecutionListener@2b12c2a9, org.springframework.test.context.event.EventPublishingTestExecutionListener@8123f85, org.springframework.boot.test.autoconfigure.restdocs.RestDocsTestExecutionListener@23be61dc, org.springframework.boot.test.autoconfigure.web.client.MockRestServiceServerResetTestExecutionListener@2488ef37, org.springframework.boot.test.autoconfigure.web.servlet.MockMvcPrintOnlyOnFailureTestExecutionListener@19326685, org.springframework.boot.test.autoconfigure.web.servlet.WebDriverTestExecutionListener@c58c31, org.springframework.boot.test.mock.mockito.ResetMocksTestExecutionListener@50a5ad74]
00:16:17.832 [Test worker] DEBUG org.springframework.test.context.support.AbstractDirtiesContextTestExecutionListener - Before test class: context [DefaultTestContext@6e979527 testClass = ReviewServiceTest, testInstance = [null], testMethod = [null], testException = [null], mergedContextConfiguration = [WebMergedContextConfiguration@40c3a7a7 testClass = ReviewServiceTest, locations = '{}', classes = '{class backend.service.ReviewServiceImpl, class backend.service.ReviewServiceImpl}', contextInitializerClasses = '[]', activeProfiles = '{}', propertySourceLocations = '{}', propertySourceProperties = '{org.springframework.boot.test.context.SpringBootTestContextBootstrapper=true}', contextCustomizers = set[org.springframework.boot.test.autoconfigure.properties.PropertyMappingContextCustomizer@0, org.springframework.boot.test.autoconfigure.web.servlet.WebDriverContextCustomizerFactory$Customizer@77aa3b6, org.springframework.boot.test.context.filter.ExcludeFilterContextCustomizer@437ea908, org.springframework.boot.test.json.DuplicateJsonObjectContextCustomizerFactory$DuplicateJsonObjectContextCustomizer@3f5e8591, org.springframework.boot.test.mock.mockito.MockitoContextCustomizer@d1b685fc, org.springframework.boot.test.web.client.TestRestTemplateContextCustomizer@54512cba], resourceBasePath = 'src/main/webapp', contextLoader = 'org.springframework.boot.test.context.SpringBootContextLoader', parent = [null]], attributes = map['org.springframework.test.context.web.ServletTestExecutionListener.activateListener' -> true]], class annotated with @DirtiesContext [false] with mode [null].
00:16:17.891 [Test worker] DEBUG org.springframework.test.context.support.TestPropertySourceUtils - Adding inlined properties to environment: {spring.jmx.enabled=false, org.springframework.boot.test.context.SpringBootTestContextBootstrapper=true, server.port=-1}

  .   ____          _            __ _ _
 /\\ / ___'_ __ _ _(_)_ __  __ _ \ \ \ \
( ( )\___ | '_ | '_| | '_ \/ _` | \ \ \ \
 \\/  ___)| |_)| | | | | || (_| |  ) ) ) )
  '  |____| .__|_| |_|_| |_\__, | / / / /
 =========|_|==============|___/=/_/_/_/
 :: Spring Boot ::        (v2.2.4.RELEASE)

2020-04-24 00:16:18.405  INFO 7305 --- [    Test worker] backend.service.ReviewServiceTest        : Starting ReviewServiceTest on omaxxx-HP-Notebook with PID 7305 (started by omaxxx in /home/omaxxx/Downloads/review)
2020-04-24 00:16:18.408  INFO 7305 --- [    Test worker] backend.service.ReviewServiceTest        : No active profile set, falling back to default profiles: default
2020-04-24 00:16:19.371  INFO 7305 --- [    Test worker] backend.service.ReviewServiceTest        : Started ReviewServiceTest in 1.462 seconds (JVM running for 3.292)
]]></system-out>
  <system-err><![CDATA[]]></system-err>
</testsuite>
